0 info it worked if it ends with ok
1 verbose cli [ 'node', '/home/timstrze/local/bin/npm', 'update', '-g', 'yo' ]
2 info using npm@2.0.2
3 info using node@v0.10.29
4 verbose mapToRegistry name yo
5 verbose mapToRegistry uri https://registry.npmjs.org/yo
6 verbose request on initialization, where is /yo
7 verbose request after pass 1, where is /yo
8 verbose request url raw /yo
9 verbose request resolving registry [ 'https://registry.npmjs.org/', './yo' ]
10 verbose request after pass 2, where is https://registry.npmjs.org/yo
11 verbose request no auth needed
12 info attempt registry request try #1 at 12:32:05
13 verbose request id 2cc08531759c6153
14 verbose etag "7NVY7SEMM8X45ENYL42C1VEWC"
15 http request GET https://registry.npmjs.org/yo
16 http 200 https://registry.npmjs.org/yo
17 silly registry.get cb [ 200,
17 silly registry.get   { date: 'Mon, 09 Feb 2015 18:32:06 GMT',
17 silly registry.get     server: 'CouchDB/1.5.0 (Erlang OTP/R16B03)',
17 silly registry.get     etag: '"47KAKM31PAK7LVGVO1UYN0RPB"',
17 silly registry.get     'content-type': 'application/json',
17 silly registry.get     'cache-control': 'max-age=60',
17 silly registry.get     'content-length': '28335',
17 silly registry.get     'accept-ranges': 'bytes',
17 silly registry.get     via: '1.1 varnish',
17 silly registry.get     age: '0',
17 silly registry.get     'x-served-by': 'cache-atl6222-ATL',
17 silly registry.get     'x-cache': 'HIT',
17 silly registry.get     'x-cache-hits': '1',
17 silly registry.get     'x-timer': 'S1423506726.052591,VS0,VE23',
17 silly registry.get     vary: 'Accept',
17 silly registry.get     'keep-alive': 'timeout=10, max=50',
17 silly registry.get     connection: 'Keep-Alive' } ]
18 info outdated updating [ [ '/home/timstrze/npm/lib',
18 info outdated     'yo',
18 info outdated     '1.3.3',
18 info outdated     '1.4.5',
18 info outdated     '1.4.5',
18 info outdated     'latest' ] ]
19 verbose install where, what [ '/home/timstrze/npm/lib', [ 'yo@1.4.5' ] ]
20 verbose cache add [ 'yo@1.4.5', null ]
21 verbose cache add spec="yo@1.4.5" args=["yo@1.4.5",null]
22 verbose parsed spec { raw: 'yo@1.4.5',
22 verbose parsed spec   scope: null,
22 verbose parsed spec   name: 'yo',
22 verbose parsed spec   rawSpec: '1.4.5',
22 verbose parsed spec   spec: '1.4.5',
22 verbose parsed spec   type: 'version' }
23 verbose parsed spec { raw: 'yo@1.4.5',
23 verbose parsed spec   scope: null,
23 verbose parsed spec   name: 'yo',
23 verbose parsed spec   rawSpec: '1.4.5',
23 verbose parsed spec   spec: '1.4.5',
23 verbose parsed spec   type: 'version' }
24 verbose addNamed [ 'yo', '1.4.5' ]
25 verbose addNamed [ '1.4.5', '1.4.5' ]
26 silly lockFile cf639607-yo-1-4-5 yo@1.4.5
27 verbose lock yo@1.4.5 /home/timstrze/.npm/cf639607-yo-1-4-5.lock
28 verbose mapToRegistry name yo
29 verbose mapToRegistry uri https://registry.npmjs.org/yo
30 verbose registry.get https://registry.npmjs.org/yo not expired, no request
31 silly lockFile f86ea50a-gistry-npmjs-org-yo-yo-1-4-5-tgz https://registry.npmjs.org/yo/-/yo-1.4.5.tgz
32 verbose lock https://registry.npmjs.org/yo/-/yo-1.4.5.tgz /home/timstrze/.npm/f86ea50a-gistry-npmjs-org-yo-yo-1-4-5-tgz.lock
33 verbose addRemoteTarball [ 'https://registry.npmjs.org/yo/-/yo-1.4.5.tgz',
33 verbose addRemoteTarball   'd7b66bb9079db2412178409c9709be687435cc02' ]
34 info retry fetch attempt 1 at 12:32:06
35 info attempt registry request try #1 at 12:32:06
36 http fetch GET https://registry.npmjs.org/yo/-/yo-1.4.5.tgz
37 http fetch 200 https://registry.npmjs.org/yo/-/yo-1.4.5.tgz
38 silly fetchAndShaCheck shasum d7b66bb9079db2412178409c9709be687435cc02
39 silly lockFile f86ea50a-gistry-npmjs-org-yo-yo-1-4-5-tgz https://registry.npmjs.org/yo/-/yo-1.4.5.tgz
40 silly lockFile f86ea50a-gistry-npmjs-org-yo-yo-1-4-5-tgz https://registry.npmjs.org/yo/-/yo-1.4.5.tgz
41 silly lockFile cf639607-yo-1-4-5 yo@1.4.5
42 silly lockFile cf639607-yo-1-4-5 yo@1.4.5
43 silly resolved [ { name: 'yo',
43 silly resolved     version: '1.4.5',
43 silly resolved     description: 'CLI tool for running Yeoman generators',
43 silly resolved     license: 'BSD',
43 silly resolved     bin: { yo: 'lib/cli.js' },
43 silly resolved     author: { name: 'Yeoman team' },
43 silly resolved     repository: { type: 'git', url: 'https://github.com/yeoman/yo' },
43 silly resolved     engines: { node: '>=0.10.0', npm: '>=2.1.0' },
43 silly resolved     scripts:
43 silly resolved      { test: 'jshint . && mocha test/**/*.js',
43 silly resolved        postinstall: 'yodoctor',
43 silly resolved        postupdate: 'yodoctor',
43 silly resolved        prepublish: 'nsp audit-package' },
43 silly resolved     files: [ 'lib' ],
43 silly resolved     keywords:
43 silly resolved      [ 'cli-app',
43 silly resolved        'cli',
43 silly resolved        'bin',
43 silly resolved        'front-end',
43 silly resolved        'development',
43 silly resolved        'dev',
43 silly resolved        'build',
43 silly resolved        'web',
43 silly resolved        'tool',
43 silly resolved        'scaffold',
43 silly resolved        'stack',
43 silly resolved        'yeoman',
43 silly resolved        'generator',
43 silly resolved        'generate',
43 silly resolved        'app',
43 silly resolved        'boilerplate' ],
43 silly resolved     dependencies:
43 silly resolved      { 'array-uniq': '^1.0.2',
43 silly resolved        async: '^0.9.0',
43 silly resolved        chalk: '^0.5.1',
43 silly resolved        configstore: '^0.3.1',
43 silly resolved        'cross-spawn': '^0.2.3',
43 silly resolved        figures: '^1.3.5',
43 silly resolved        findup: '^0.1.5',
43 silly resolved        fullname: '^1.0.0',
43 silly resolved        'humanize-string': '^1.0.0',
43 silly resolved        inquirer: '^0.8.0',
43 silly resolved        insight: '^0.5.0',
43 silly resolved        lodash: '^2.4.1',
43 silly resolved        meow: '^3.0.0',
43 silly resolved        'npm-keyword': '^1.0.1',
43 silly resolved        opn: '^1.0.0',
43 silly resolved        'package-json': '^1.0.1',
43 silly resolved        'root-check': '^1.0.0',
43 silly resolved        'sort-on': '^1.0.0',
43 silly resolved        'string-length': '^1.0.0',
43 silly resolved        titleize: '^1.0.0',
43 silly resolved        'update-notifier': '^0.3.0',
43 silly resolved        'user-home': '^1.1.0',
43 silly resolved        'yeoman-character': '^1.0.0',
43 silly resolved        'yeoman-doctor': '^1.0.0',
43 silly resolved        'yeoman-environment': '^1.0.1',
43 silly resolved        yosay: '^1.0.0' },
43 silly resolved     devDependencies:
43 silly resolved      { jshint: '^2.5.11',
43 silly resolved        mocha: '^2.1.0',
43 silly resolved        mockery: '^1.4.0',
43 silly resolved        nock: '^0.57.0',
43 silly resolved        nsp: '*',
43 silly resolved        proxyquire: '^1.0.1',
43 silly resolved        'registry-url': '^2.1.0',
43 silly resolved        sinon: '^1.12.1' },
43 silly resolved     engineStrict: true,
43 silly resolved     preferGlobal: true,
43 silly resolved     gitHead: 'c9194535c38b1a684b20a4a642190b9c293b01c1',
43 silly resolved     bugs: { url: 'https://github.com/yeoman/yo/issues' },
43 silly resolved     homepage: 'https://github.com/yeoman/yo',
43 silly resolved     _id: 'yo@1.4.5',
43 silly resolved     _shasum: 'd7b66bb9079db2412178409c9709be687435cc02',
43 silly resolved     _from: 'yo@1.4.5',
43 silly resolved     _npmVersion: '1.4.28',
43 silly resolved     _npmUser: { name: 'sindresorhus', email: 'sindresorhus@gmail.com' },
43 silly resolved     maintainers: [ [Object], [Object], [Object], [Object], [Object], [Object] ],
43 silly resolved     dist:
43 silly resolved      { shasum: 'd7b66bb9079db2412178409c9709be687435cc02',
43 silly resolved        tarball: 'http://registry.npmjs.org/yo/-/yo-1.4.5.tgz' },
43 silly resolved     directories: {},
43 silly resolved     _resolved: 'https://registry.npmjs.org/yo/-/yo-1.4.5.tgz' } ]
44 info install yo@1.4.5 into /home/timstrze/npm/lib
45 info installOne yo@1.4.5
46 verbose stack Error: Unsupported
46 verbose stack     at checkEngine (/home/timstrze/local/lib/node_modules/npm/node_modules/npm-install-checks/index.js:16:16)
46 verbose stack     at Array.0 (/home/timstrze/local/lib/node_modules/npm/node_modules/slide/lib/bind-actor.js:15:8)
46 verbose stack     at LOOP (/home/timstrze/local/lib/node_modules/npm/node_modules/slide/lib/chain.js:15:14)
46 verbose stack     at chain (/home/timstrze/local/lib/node_modules/npm/node_modules/slide/lib/chain.js:20:5)
46 verbose stack     at installOne_ (/home/timstrze/local/lib/node_modules/npm/lib/install.js:883:3)
46 verbose stack     at installOne (/home/timstrze/local/lib/node_modules/npm/lib/install.js:782:3)
46 verbose stack     at /home/timstrze/local/lib/node_modules/npm/lib/install.js:633:9
46 verbose stack     at /home/timstrze/local/lib/node_modules/npm/node_modules/slide/lib/async-map.js:52:35
46 verbose stack     at Array.forEach (native)
46 verbose stack     at /home/timstrze/local/lib/node_modules/npm/node_modules/slide/lib/async-map.js:52:11
47 verbose pkgid yo@1.4.5
48 verbose cwd /home/timstrze/Development/valorum
49 error Linux 3.13.0-45-generic
50 error argv "node" "/home/timstrze/local/bin/npm" "update" "-g" "yo"
51 error node v0.10.29
52 error npm  v2.0.2
53 error code ENOTSUP
54 error notsup Unsupported
54 error notsup Not compatible with your version of node/npm: yo@1.4.5
54 error notsup Required: {"node":">=0.10.0","npm":">=2.1.0"}
54 error notsup Actual:   {"npm":"2.0.2","node":"0.10.29"}
55 verbose exit [ 1, true ]
